2017-01-11 14:27:57: -- Analysis Started by Periodic Timer
2017-01-11 14:27:57: L: State file does not exist: C:/Users/Jovanie/Work Space/Business-Blue/_gsdata_/_file_state_v4._gs
2017-01-11 14:28:06: Changes: 109, Conflicts: 0, CopyTime: 0, CopyState: 23/0, Errors: 0, All: 159
2017-01-11 14:28:06: Left to Right: Delete File: 109 Copy State: 23 
2017-01-11 14:28:06: == Sync Started by Periodic Timer
2017-01-11 14:28:07: Delete File 'ftp://uiucpbl.org/public_html/wp-content/themes/Business-Blue/.git/COMMIT_EDITMSG'
2017-01-11 14:28:07: Delete File 'ftp://uiucpbl.org/public_html/wp-content/themes/Business-Blue/.git/config'
2017-01-11 14:28:07: Delete File 'ftp://uiucpbl.org/public_html/wp-content/themes/Business-Blue/.git/description'
2017-01-11 14:28:07: Delete File 'ftp://uiucpbl.org/public_html/wp-content/themes/Business-Blue/.git/FETCH_HEAD'
2017-01-11 14:28:07: Delete File 'ftp://uiucpbl.org/public_html/wp-content/themes/Business-Blue/.git/HEAD'
2017-01-11 14:28:07: Delete File 'ftp://uiucpbl.org/public_html/wp-content/themes/Business-Blue/.git/hooks/README.sample'
2017-01-11 14:28:07: Delete Folder 'ftp://uiucpbl.org/public_html/wp-content/themes/Business-Blue/.git/hooks'
2017-01-11 14:28:07: Delete File 'ftp://uiucpbl.org/public_html/wp-content/themes/Business-Blue/.git/index'
2017-01-11 14:28:07: Delete File 'ftp://uiucpbl.org/public_html/wp-content/themes/Business-Blue/.git/info/exclude'
2017-01-11 14:28:07: Delete Folder 'ftp://uiucpbl.org/public_html/wp-content/themes/Business-Blue/.git/info'
2017-01-11 14:28:08: Delete File 'ftp://uiucpbl.org/public_html/wp-content/themes/Business-Blue/.git/logs/HEAD'
2017-01-11 14:28:08: Delete File 'ftp://uiucpbl.org/public_html/wp-content/themes/Business-Blue/.git/logs/refs/heads/master'
2017-01-11 14:28:08: Delete Folder 'ftp://uiucpbl.org/public_html/wp-content/themes/Business-Blue/.git/logs/refs/heads'
2017-01-11 14:28:12: Delete File 'ftp://uiucpbl.org/public_html/wp-content/themes/Business-Blue/.git/logs/refs/remotes/origin/master'
2017-01-11 14:28:13: Delete Folder 'ftp://uiucpbl.org/public_html/wp-content/themes/Business-Blue/.git/logs/refs/remotes/origin'
2017-01-11 14:28:14: Delete Folder 'ftp://uiucpbl.org/public_html/wp-content/themes/Business-Blue/.git/logs/refs/remotes'
2017-01-11 14:28:15: Delete Folder 'ftp://uiucpbl.org/public_html/wp-content/themes/Business-Blue/.git/logs/refs'
2017-01-11 14:28:16: Delete Folder 'ftp://uiucpbl.org/public_html/wp-content/themes/Business-Blue/.git/logs'
2017-01-11 14:28:19: Delete File 'ftp://uiucpbl.org/public_html/wp-content/themes/Business-Blue/.git/objects/00/0e400b1bb35b914c1494b65666c582bb9a1d2f'
2017-01-11 14:28:20: Delete Folder 'ftp://uiucpbl.org/public_html/wp-content/themes/Business-Blue/.git/objects/00'
2017-01-11 14:28:25: Delete File 'ftp://uiucpbl.org/public_html/wp-content/themes/Business-Blue/.git/objects/11/201c8be624a42767a27e03f6df34070324cda3'
2017-01-11 14:28:29: Delete Folder 'ftp://uiucpbl.org/public_html/wp-content/themes/Business-Blue/.git/objects/11'
2017-01-11 14:28:29: Delete File 'ftp://uiucpbl.org/public_html/wp-content/themes/Business-Blue/.git/objects/16/5f3adcaa2d076f6299c40ea1565d57b187ebf7'
2017-01-11 14:28:29: Delete Folder 'ftp://uiucpbl.org/public_html/wp-content/themes/Business-Blue/.git/objects/16'
2017-01-11 14:28:29: Delete File 'ftp://uiucpbl.org/public_html/wp-content/themes/Business-Blue/.git/objects/1e/8314d8c806961ca600ffae3770ad7318029469'
2017-01-11 14:28:30: Delete Folder 'ftp://uiucpbl.org/public_html/wp-content/themes/Business-Blue/.git/objects/1e'
2017-01-11 14:28:30: Delete File 'ftp://uiucpbl.org/public_html/wp-content/themes/Business-Blue/.git/objects/20/cc1efcb00a71dc0bbcbc9215bba2aece0c26c9'
2017-01-11 14:28:30: Delete Folder 'ftp://uiucpbl.org/public_html/wp-content/themes/Business-Blue/.git/objects/20'
2017-01-11 14:28:30: Delete File 'ftp://uiucpbl.org/public_html/wp-content/themes/Business-Blue/.git/objects/22/4fba072e7f342764435e379a84d61f9a22ea18'
2017-01-11 14:28:30: Delete Folder 'ftp://uiucpbl.org/public_html/wp-content/themes/Business-Blue/.git/objects/22'
2017-01-11 14:28:30: Delete File 'ftp://uiucpbl.org/public_html/wp-content/themes/Business-Blue/.git/objects/24/1e30425208375fb45741620d4d6fa17e664967'
2017-01-11 14:28:30: Delete Folder 'ftp://uiucpbl.org/public_html/wp-content/themes/Business-Blue/.git/objects/24'
2017-01-11 14:28:31: Delete File 'ftp://uiucpbl.org/public_html/wp-content/themes/Business-Blue/.git/objects/28/7f70241072125095215f29bb10065c56fdeee0'
2017-01-11 14:28:31: Delete Folder 'ftp://uiucpbl.org/public_html/wp-content/themes/Business-Blue/.git/objects/28'
2017-01-11 14:28:31: Delete File 'ftp://uiucpbl.org/public_html/wp-content/themes/Business-Blue/.git/objects/2e/31b5afae36a67f5970e7a27a2723f8c68f67d0'
2017-01-11 14:28:31: Delete File 'ftp://uiucpbl.org/public_html/wp-content/themes/Business-Blue/.git/objects/2e/a44d7b47b1405ed4a2933c924e4429d629584d'
2017-01-11 14:28:31: Delete Folder 'ftp://uiucpbl.org/public_html/wp-content/themes/Business-Blue/.git/objects/2e'
2017-01-11 14:28:31: Delete File 'ftp://uiucpbl.org/public_html/wp-content/themes/Business-Blue/.git/objects/38/837795279c5eb281e98ce6017998b993026518'
2017-01-11 14:28:31: Delete File 'ftp://uiucpbl.org/public_html/wp-content/themes/Business-Blue/.git/objects/38/9d9952c57ca46db9aa9e5a2ab1646394e6f99e'
2017-01-11 14:28:31: Delete Folder 'ftp://uiucpbl.org/public_html/wp-content/themes/Business-Blue/.git/objects/38'
2017-01-11 14:28:32: Delete File 'ftp://uiucpbl.org/public_html/wp-content/themes/Business-Blue/.git/objects/3b/31ea44a829b8982751f16743202d402ab33410'
2017-01-11 14:28:32: Delete Folder 'ftp://uiucpbl.org/public_html/wp-content/themes/Business-Blue/.git/objects/3b'
2017-01-11 14:28:32: Delete File 'ftp://uiucpbl.org/public_html/wp-content/themes/Business-Blue/.git/objects/45/4060255c0657a63df7ced4823c405d648e47c0'
2017-01-11 14:28:32: Delete Folder 'ftp://uiucpbl.org/public_html/wp-content/themes/Business-Blue/.git/objects/45'
2017-01-11 14:28:32: Delete File 'ftp://uiucpbl.org/public_html/wp-content/themes/Business-Blue/.git/objects/4e/007610d905bd04d2779c5eed42baf4882da8d9'
2017-01-11 14:28:32: Delete Folder 'ftp://uiucpbl.org/public_html/wp-content/themes/Business-Blue/.git/objects/4e'
2017-01-11 14:28:32: Delete File 'ftp://uiucpbl.org/public_html/wp-content/themes/Business-Blue/.git/objects/54/d3b92132bf5384d7aa03ea2d04ed32871c28f8'
2017-01-11 14:28:33: Delete Folder 'ftp://uiucpbl.org/public_html/wp-content/themes/Business-Blue/.git/objects/54'
2017-01-11 14:28:33: Delete File 'ftp://uiucpbl.org/public_html/wp-content/themes/Business-Blue/.git/objects/55/59bed9adf5f4786feae621a8cf8f2e910411c6'
2017-01-11 14:28:33: Delete Folder 'ftp://uiucpbl.org/public_html/wp-content/themes/Business-Blue/.git/objects/55'
2017-01-11 14:28:33: Delete File 'ftp://uiucpbl.org/public_html/wp-content/themes/Business-Blue/.git/objects/57/52c9401ed4e64675da3724299030c3e027f308'
2017-01-11 14:28:33: Delete Folder 'ftp://uiucpbl.org/public_html/wp-content/themes/Business-Blue/.git/objects/57'
2017-01-11 14:28:33: Delete File 'ftp://uiucpbl.org/public_html/wp-content/themes/Business-Blue/.git/objects/59/8cbcb93582f79b7f5ba44bba7d03063cac9528'
2017-01-11 14:28:33: Delete Folder 'ftp://uiucpbl.org/public_html/wp-content/themes/Business-Blue/.git/objects/59'
2017-01-11 14:28:34: Delete File 'ftp://uiucpbl.org/public_html/wp-content/themes/Business-Blue/.git/objects/65/a23605aba447ab4a05871a40f9f0f542d3bc33'
2017-01-11 14:28:34: Delete Folder 'ftp://uiucpbl.org/public_html/wp-content/themes/Business-Blue/.git/objects/65'
2017-01-11 14:28:34: Delete File 'ftp://uiucpbl.org/public_html/wp-content/themes/Business-Blue/.git/objects/7c/68de291423edba2494669a447d8c0d616854b6'
2017-01-11 14:28:34: Delete Folder 'ftp://uiucpbl.org/public_html/wp-content/themes/Business-Blue/.git/objects/7c'
2017-01-11 14:28:34: Delete File 'ftp://uiucpbl.org/public_html/wp-content/themes/Business-Blue/.git/objects/86/26c84aaf25ff493bc6632788a5a15deb58b215'
2017-01-11 14:28:34: Delete File 'ftp://uiucpbl.org/public_html/wp-content/themes/Business-Blue/.git/objects/86/5aa746a2cb68add5b86f0057326f7630211daf'
2017-01-11 14:28:34: Delete Folder 'ftp://uiucpbl.org/public_html/wp-content/themes/Business-Blue/.git/objects/86'
2017-01-11 14:28:35: Delete File 'ftp://uiucpbl.org/public_html/wp-content/themes/Business-Blue/.git/objects/8e/b1a5b4684a184ad9ccc9e9595957d60627cd01'
2017-01-11 14:28:35: Delete Folder 'ftp://uiucpbl.org/public_html/wp-content/themes/Business-Blue/.git/objects/8e'
2017-01-11 14:28:35: Delete File 'ftp://uiucpbl.org/public_html/wp-content/themes/Business-Blue/.git/objects/90/9c28140a9769c68898718299f1f3fa5a2c0e88'
2017-01-11 14:28:35: Delete Folder 'ftp://uiucpbl.org/public_html/wp-content/themes/Business-Blue/.git/objects/90'
2017-01-11 14:28:35: Delete File 'ftp://uiucpbl.org/public_html/wp-content/themes/Business-Blue/.git/objects/94/5241bcfd874dfeac7cf74c3e37759e1a04f2fd'
2017-01-11 14:28:35: Delete Folder 'ftp://uiucpbl.org/public_html/wp-content/themes/Business-Blue/.git/objects/94'
2017-01-11 14:28:35: Delete File 'ftp://uiucpbl.org/public_html/wp-content/themes/Business-Blue/.git/objects/a1/539326e939f3ffb4da41a2a5b7dc71e2b860ef'
2017-01-11 14:28:35: Delete Folder 'ftp://uiucpbl.org/public_html/wp-content/themes/Business-Blue/.git/objects/a1'
2017-01-11 14:28:36: Delete File 'ftp://uiucpbl.org/public_html/wp-content/themes/Business-Blue/.git/objects/a5/1d5974519f055161f8cc3df2e04acbfb7e3ed3'
2017-01-11 14:28:36: Delete Folder 'ftp://uiucpbl.org/public_html/wp-content/themes/Business-Blue/.git/objects/a5'
2017-01-11 14:28:36: Delete File 'ftp://uiucpbl.org/public_html/wp-content/themes/Business-Blue/.git/objects/ab/3da79e66685dee38837931db0aab331884ca48'
2017-01-11 14:28:36: Delete Folder 'ftp://uiucpbl.org/public_html/wp-content/themes/Business-Blue/.git/objects/ab'
2017-01-11 14:28:36: Delete File 'ftp://uiucpbl.org/public_html/wp-content/themes/Business-Blue/.git/objects/af/944401f75ea20515a02ddb3fb43d23ecb8c662'
2017-01-11 14:28:36: Delete Folder 'ftp://uiucpbl.org/public_html/wp-content/themes/Business-Blue/.git/objects/af'
2017-01-11 14:28:37: Delete File 'ftp://uiucpbl.org/public_html/wp-content/themes/Business-Blue/.git/objects/bd/b0cabc87cf50106df6e15097dff816c8c3eb34'
2017-01-11 14:28:37: Delete Folder 'ftp://uiucpbl.org/public_html/wp-content/themes/Business-Blue/.git/objects/bd'
2017-01-11 14:28:37: Delete File 'ftp://uiucpbl.org/public_html/wp-content/themes/Business-Blue/.git/objects/c0/0d8a6607ec36da9756b4f7a5d44f1082ae72a3'
2017-01-11 14:28:37: Delete Folder 'ftp://uiucpbl.org/public_html/wp-content/themes/Business-Blue/.git/objects/c0'
2017-01-11 14:28:37: Delete File 'ftp://uiucpbl.org/public_html/wp-content/themes/Business-Blue/.git/objects/c4/8d27b9992c1c02e2349d70c68870200a489962'
2017-01-11 14:28:37: Delete Folder 'ftp://uiucpbl.org/public_html/wp-content/themes/Business-Blue/.git/objects/c4'
2017-01-11 14:28:37: Delete File 'ftp://uiucpbl.org/public_html/wp-content/themes/Business-Blue/.git/objects/cd/2946ad76b4402e5b3cab9243a9281aad228670'
2017-01-11 14:28:38: Delete File 'ftp://uiucpbl.org/public_html/wp-content/themes/Business-Blue/.git/objects/cd/fc8c77e111916060845e649930b19376329c3d'
2017-01-11 14:28:38: Delete Folder 'ftp://uiucpbl.org/public_html/wp-content/themes/Business-Blue/.git/objects/cd'
2017-01-11 14:28:38: Delete File 'ftp://uiucpbl.org/public_html/wp-content/themes/Business-Blue/.git/objects/d2/0e683591bc68330d1fd05d6be088b4c0a07522'
2017-01-11 14:28:38: Delete Folder 'ftp://uiucpbl.org/public_html/wp-content/themes/Business-Blue/.git/objects/d2'
2017-01-11 14:28:38: Delete File 'ftp://uiucpbl.org/public_html/wp-content/themes/Business-Blue/.git/objects/d8/54afbcc8ba53225ce075303cdab6873bbd481f'
2017-01-11 14:28:38: Delete Folder 'ftp://uiucpbl.org/public_html/wp-content/themes/Business-Blue/.git/objects/d8'
2017-01-11 14:28:38: Delete File 'ftp://uiucpbl.org/public_html/wp-content/themes/Business-Blue/.git/objects/db/8fe7bf484336b81645637e58291970980ead5d'
2017-01-11 14:28:38: Delete Folder 'ftp://uiucpbl.org/public_html/wp-content/themes/Business-Blue/.git/objects/db'
2017-01-11 14:28:39: Delete File 'ftp://uiucpbl.org/public_html/wp-content/themes/Business-Blue/.git/objects/e6/b25054bf45a7fc5596c014cca3d59f37f97518'
2017-01-11 14:28:39: Delete Folder 'ftp://uiucpbl.org/public_html/wp-content/themes/Business-Blue/.git/objects/e6'
2017-01-11 14:28:39: Delete File 'ftp://uiucpbl.org/public_html/wp-content/themes/Business-Blue/.git/objects/ec/53d4d6d5bf13db8ca757ea991a9c7839f23c89'
2017-01-11 14:28:39: Delete Folder 'ftp://uiucpbl.org/public_html/wp-content/themes/Business-Blue/.git/objects/ec'
2017-01-11 14:28:39: Delete File 'ftp://uiucpbl.org/public_html/wp-content/themes/Business-Blue/.git/objects/fb/ae1b9d07e7cf5ed2001beddd2a6565e56e1c3e'
2017-01-11 14:28:39: Delete Folder 'ftp://uiucpbl.org/public_html/wp-content/themes/Business-Blue/.git/objects/fb'
2017-01-11 14:28:39: Delete Folder 'ftp://uiucpbl.org/public_html/wp-content/themes/Business-Blue/.git/objects/info'
2017-01-11 14:28:39: Delete Folder 'ftp://uiucpbl.org/public_html/wp-content/themes/Business-Blue/.git/objects/pack'
2017-01-11 14:28:39: Delete Folder 'ftp://uiucpbl.org/public_html/wp-content/themes/Business-Blue/.git/objects'
2017-01-11 14:28:40: Delete File 'ftp://uiucpbl.org/public_html/wp-content/themes/Business-Blue/.git/refs/heads/master'
2017-01-11 14:28:40: Delete Folder 'ftp://uiucpbl.org/public_html/wp-content/themes/Business-Blue/.git/refs/heads'
2017-01-11 14:28:40: Delete File 'ftp://uiucpbl.org/public_html/wp-content/themes/Business-Blue/.git/refs/remotes/origin/master'
2017-01-11 14:28:40: Delete Folder 'ftp://uiucpbl.org/public_html/wp-content/themes/Business-Blue/.git/refs/remotes/origin'
2017-01-11 14:28:40: Delete Folder 'ftp://uiucpbl.org/public_html/wp-content/themes/Business-Blue/.git/refs/remotes'
2017-01-11 14:28:40: Delete Folder 'ftp://uiucpbl.org/public_html/wp-content/themes/Business-Blue/.git/refs/tags'
2017-01-11 14:28:40: Delete Folder 'ftp://uiucpbl.org/public_html/wp-content/themes/Business-Blue/.git/refs'
2017-01-11 14:28:40: Delete Folder 'ftp://uiucpbl.org/public_html/wp-content/themes/Business-Blue/.git'
2017-01-11 14:28:41: Delete File 'ftp://uiucpbl.org/public_html/wp-content/themes/Business-Blue/.gitattributes'
2017-01-11 14:28:41: Delete File 'ftp://uiucpbl.org/public_html/wp-content/themes/Business-Blue/.gitignore'
2017-01-11 14:28:41: Save State File /v0.2
- ERROR: moving state file into place: The system cannot find the path specified.  (error 3); Error may be caused by Offline Folders: read https://www.goodsync.com/faq.html#vista_rename_bug
2017-01-11 14:28:41: == Sync Complete. Time: 00:00:35, Speed: 1.95 KB/s, OK: 132, Errors: 1
2017-01-11 14:28:41: 
